<?xml version="1.0" encoding="UTF-8" ?>
<testsuite tests="17" failures="0" name="com.keycloak.service.ServiceProviderTest" time="0.029" errors="0" skipped="0">
  <properties>
[...]
</properties>
  <testcase classname="com.keycloak.service.ServiceProviderTest" name="testSelectUserListForSuccess" time="0.025"/>
  <testcase classname="com.keycloak.service.ServiceProviderTest" name="testSelectUserListForValidationError" time="0"/>
  <testcase classname="com.keycloak.service.ServiceProviderTest" name="testDeleteUserForPhoneValidationError" time="0"/>
  <testcase classname="com.keycloak.service.ServiceProviderTest" name="testEditUserForSuccess" time="0.001"/>
  <testcase classname="com.keycloak.service.ServiceProviderTest" name="testRemoveUserForSuccess" time="0"/>
  <testcase classname="com.keycloak.service.ServiceProviderTest" name="testEditUserForPhoneValidationError" time="0"/>
  <testcase classname="com.keycloak.service.ServiceProviderTest" name="testRemoveUserForPhoneValidationError" time="0"/>
  <testcase classname="com.keycloak.service.ServiceProviderTest" name="testCreateUserForError" time="0.002"/>
  <testcase classname="com.keycloak.service.ServiceProviderTest" name="testServiceLoginUserForSuccess" time="0"/>
  <testcase classname="com.keycloak.service.ServiceProviderTest" name="testSelectUserForValidationInvalidUserError" time="0"/>
  <testcase classname="com.keycloak.service.ServiceProviderTest" name="testServiceLoginUserForValidationError" time="0"/>
  <testcase classname="com.keycloak.service.ServiceProviderTest" name="testForValidationLesserOrZeroError" time="0"/>
  <testcase classname="com.keycloak.service.ServiceProviderTest" name="testSelectUserForSuccess" time="0"/>
  <testcase classname="com.keycloak.service.ServiceProviderTest" name="testForValidationTypeError" time="0"/>
  <testcase classname="com.keycloak.service.ServiceProviderTest" name="testCreateUserForSuccess" time="0.001"/>
  <testcase classname="com.keycloak.service.ServiceProviderTest" name="testDeleteUserForSuccess" time="0"/>
  <testcase classname="com.keycloak.service.ServiceProviderTest" name="testForValidationNullError" time="0"/>
</testsuite>